
> portfolio-backend@1.0.0 build C:\Users\HP\Akash\Projects\FullStack\New Portfolio\my_portfolio_abhay
> next build

Warning: Custom Cache-Control headers detected for the following routes:
  - /_next/static/:path*

Setting a custom Cache-Control header can break Next.js development behavior.
▲ Next.js 16.2.2 (Turbopack)
- Environments: .env
- Experiments (use with caution):
  · optimizePackageImports

⚠ The "middleware" file convention is deprecated. Please use "proxy" instead. Learn more: https://nextjs.org/docs/messages/middleware-to-proxy
  Creating an optimized production build ...
✓ Compiled successfully in 22.9s
  Running TypeScript ...
Failed to type check.

./src/app/api/admin/lottie/route.ts:31:7
Type error: Type '{ name: string; title: string; jsonUrl: string; fileSize: number; description?: string | null | undefined; category?: string | null | undefined; }' is not assignable to type '(Without<LottieAnimationCreateInput, LottieAnimationUncheckedCreateInput> & LottieAnimationUncheckedCreateInput) | (Without<...> & LottieAnimationCreateInput)'.
  Type '{ name: string; title: string; jsonUrl: string; fileSize: number; description?: string | null | undefined; category?: string | null | undefined; }' is not assignable to type 'Without<LottieAnimationUncheckedCreateInput, LottieAnimationCreateInput> & LottieAnimationCreateInput'.
    Property 'slug' is missing in type '{ name: string; title: string; jsonUrl: string; fileSize: number; description?: string | null | undefined; category?: string | null | undefined; }' but required in type 'LottieAnimationCreateInput'.

  [90m29 |[0m     [90m// Create animation[0m
  [90m30 |[0m     [36mconst[0m animation = [36mawait[0m prisma.lottieAnimation.create({
[31m[1m>[0m [90m31 |[0m       data: animationData,
  [90m   |[0m       [31m[1m^[0m
  [90m32 |[0m     });
  [90m33 |[0m
  [90m34 |[0m     [36mreturn[0m successResponse(animation);
Next.js build worker exited with code: 1 and signal: null
 ELIFECYCLE  Command failed with exit code 1.
